<?xml version="1.0" encoding="UTF-8"?>
<testsuite name="TestUtilities" tests="1" skipped="0" failures="0" errors="0" timestamp="2015-04-20T14:30:53" hostname="Alien17r2" time="0.015">
  <properties/>
  <testcase name="testSplit" classname="TestUtilities" time="0.015"/>
  <system-out><![CDATA[{"max":0,"num":0}
{"max":0,"num":0}
{"max":0,"num":0}
{"max":0,"num":0}
{"max":0,"num":0}
]]></system-out>
  <system-err><![CDATA[]]></system-err>
</testsuite>
